19-Feb-2026 19:11:34.423 INFO [main] org.apache.catalina.startup.VersionLoggerListener.log Server version name:   Apache Tomcat/10.1.52
19-Feb-2026 19:11:34.436 INFO [main] org.apache.catalina.startup.VersionLoggerListener.log Server built:          Jan 23 2026 19:29:07 UTC
19-Feb-2026 19:11:34.437 INFO [main] org.apache.catalina.startup.VersionLoggerListener.log Server version number: 10.1.52.0
19-Feb-2026 19:11:34.437 INFO [main] org.apache.catalina.startup.VersionLoggerListener.log OS Name:               Windows 11
19-Feb-2026 19:11:34.438 INFO [main] org.apache.catalina.startup.VersionLoggerListener.log OS Version:            10.0
19-Feb-2026 19:11:34.438 INFO [main] org.apache.catalina.startup.VersionLoggerListener.log Architecture:          amd64
19-Feb-2026 19:11:34.439 INFO [main] org.apache.catalina.startup.VersionLoggerListener.log Java Home:             C:\Users\RAJENDRA\Downloads\jdk-21_windows-x64_bin\jdk-21.0.8
19-Feb-2026 19:11:34.439 INFO [main] org.apache.catalina.startup.VersionLoggerListener.log JVM Version:           21.0.8+12-LTS-250
19-Feb-2026 19:11:34.440 INFO [main] org.apache.catalina.startup.VersionLoggerListener.log JVM Vendor:            Oracle Corporation
19-Feb-2026 19:11:34.441 INFO [main] org.apache.catalina.startup.VersionLoggerListener.log CATALINA_BASE:         C:\Users\RAJENDRA\Downloads\apache-tomcat-10.1.52-windows-x64\apache-tomcat-10.1.52
19-Feb-2026 19:11:34.443 INFO [main] org.apache.catalina.startup.VersionLoggerListener.log CATALINA_HOME:         C:\Users\RAJENDRA\Downloads\apache-tomcat-10.1.52-windows-x64\apache-tomcat-10.1.52
19-Feb-2026 19:11:34.494 INFO [main] org.apache.catalina.startup.VersionLoggerListener.log Command line argument: -Djava.util.logging.config.file=C:\Users\RAJENDRA\Downloads\apache-tomcat-10.1.52-windows-x64\apache-tomcat-10.1.52\conf\logging.properties
19-Feb-2026 19:11:34.495 INFO [main] org.apache.catalina.startup.VersionLoggerListener.log Command line argument: -Djava.util.logging.manager=org.apache.juli.ClassLoaderLogManager
19-Feb-2026 19:11:34.495 INFO [main] org.apache.catalina.startup.VersionLoggerListener.log Command line argument: -Djdk.tls.ephemeralDHKeySize=2048
19-Feb-2026 19:11:34.496 INFO [main] org.apache.catalina.startup.VersionLoggerListener.log Command line argument: -Djava.protocol.handler.pkgs=org.apache.catalina.webresources
19-Feb-2026 19:11:34.496 INFO [main] org.apache.catalina.startup.VersionLoggerListener.log Command line argument: -Dsun.io.useCanonCaches=false
19-Feb-2026 19:11:34.497 INFO [main] org.apache.catalina.startup.VersionLoggerListener.log Command line argument: --add-opens=java.base/java.lang=ALL-UNNAMED
19-Feb-2026 19:11:34.497 INFO [main] org.apache.catalina.startup.VersionLoggerListener.log Command line argument: --add-opens=java.base/java.lang.reflect=ALL-UNNAMED
19-Feb-2026 19:11:34.498 INFO [main] org.apache.catalina.startup.VersionLoggerListener.log Command line argument: --add-opens=java.base/java.io=ALL-UNNAMED
19-Feb-2026 19:11:34.498 INFO [main] org.apache.catalina.startup.VersionLoggerListener.log Command line argument: --add-opens=java.base/java.util=ALL-UNNAMED
19-Feb-2026 19:11:34.498 INFO [main] org.apache.catalina.startup.VersionLoggerListener.log Command line argument: --add-opens=java.base/java.util.concurrent=ALL-UNNAMED
19-Feb-2026 19:11:34.499 INFO [main] org.apache.catalina.startup.VersionLoggerListener.log Command line argument: --add-opens=java.rmi/sun.rmi.transport=ALL-UNNAMED
19-Feb-2026 19:11:34.499 INFO [main] org.apache.catalina.startup.VersionLoggerListener.log Command line argument: -Dcatalina.base=C:\Users\RAJENDRA\Downloads\apache-tomcat-10.1.52-windows-x64\apache-tomcat-10.1.52
19-Feb-2026 19:11:34.499 INFO [main] org.apache.catalina.startup.VersionLoggerListener.log Command line argument: -Dcatalina.home=C:\Users\RAJENDRA\Downloads\apache-tomcat-10.1.52-windows-x64\apache-tomcat-10.1.52
19-Feb-2026 19:11:34.500 INFO [main] org.apache.catalina.startup.VersionLoggerListener.log Command line argument: -Djava.io.tmpdir=C:\Users\RAJENDRA\Downloads\apache-tomcat-10.1.52-windows-x64\apache-tomcat-10.1.52\temp
19-Feb-2026 19:11:34.529 INFO [main] org.apache.catalina.core.AprLifecycleListener.lifecycleEvent Loaded Apache Tomcat Native library [2.0.12] using APR version [1.7.6].
19-Feb-2026 19:11:34.541 INFO [main] org.apache.catalina.core.AprLifecycleListener.initializeSSL OpenSSL successfully initialized [OpenSSL 3.5.4 30 Sep 2025]
19-Feb-2026 19:11:35.364 INFO [main] org.apache.coyote.AbstractProtocol.init Initializing ProtocolHandler ["http-nio-8080"]
19-Feb-2026 19:11:35.448 INFO [main] org.apache.catalina.startup.Catalina.load Server initialization in [1800] milliseconds
19-Feb-2026 19:11:35.571 INFO [main] org.apache.catalina.core.StandardService.startInternal Starting service [Catalina]
19-Feb-2026 19:11:35.572 INFO [main] org.apache.catalina.core.StandardEngine.startInternal Starting Servlet engine: [Apache Tomcat/10.1.52]
19-Feb-2026 19:11:35.599 INFO [main] org.apache.catalina.startup.HostConfig.deployDirectory Deploying web application directory [C:\Users\RAJENDRA\Downloads\apache-tomcat-10.1.52-windows-x64\apache-tomcat-10.1.52\webapps\Budgetwise]
19-Feb-2026 19:11:36.232 INFO [main] org.apache.catalina.startup.HostConfig.deployDirectory Deployment of web application directory [C:\Users\RAJENDRA\Downloads\apache-tomcat-10.1.52-windows-x64\apache-tomcat-10.1.52\webapps\Budgetwise] has finished in [632] ms
19-Feb-2026 19:11:36.234 INFO [main] org.apache.catalina.startup.HostConfig.deployDirectory Deploying web application directory [C:\Users\RAJENDRA\Downloads\apache-tomcat-10.1.52-windows-x64\apache-tomcat-10.1.52\webapps\docs]
19-Feb-2026 19:11:36.292 INFO [main] org.apache.catalina.startup.HostConfig.deployDirectory Deployment of web application directory [C:\Users\RAJENDRA\Downloads\apache-tomcat-10.1.52-windows-x64\apache-tomcat-10.1.52\webapps\docs] has finished in [58] ms
19-Feb-2026 19:11:36.295 INFO [main] org.apache.catalina.startup.HostConfig.deployDirectory Deploying web application directory [C:\Users\RAJENDRA\Downloads\apache-tomcat-10.1.52-windows-x64\apache-tomcat-10.1.52\webapps\examples]
19-Feb-2026 19:11:39.917 INFO [main] org.apache.catalina.startup.HostConfig.deployDirectory Deployment of web application directory [C:\Users\RAJENDRA\Downloads\apache-tomcat-10.1.52-windows-x64\apache-tomcat-10.1.52\webapps\examples] has finished in [3,621] ms
19-Feb-2026 19:11:39.918 INFO [main] org.apache.catalina.startup.HostConfig.deployDirectory Deploying web application directory [C:\Users\RAJENDRA\Downloads\apache-tomcat-10.1.52-windows-x64\apache-tomcat-10.1.52\webapps\host-manager]
19-Feb-2026 19:11:40.062 INFO [main] org.apache.catalina.startup.HostConfig.deployDirectory Deployment of web application directory [C:\Users\RAJENDRA\Downloads\apache-tomcat-10.1.52-windows-x64\apache-tomcat-10.1.52\webapps\host-manager] has finished in [144] ms
19-Feb-2026 19:11:40.063 INFO [main] org.apache.catalina.startup.HostConfig.deployDirectory Deploying web application directory [C:\Users\RAJENDRA\Downloads\apache-tomcat-10.1.52-windows-x64\apache-tomcat-10.1.52\webapps\manager]
19-Feb-2026 19:11:40.125 INFO [main] org.apache.catalina.startup.HostConfig.deployDirectory Deployment of web application directory [C:\Users\RAJENDRA\Downloads\apache-tomcat-10.1.52-windows-x64\apache-tomcat-10.1.52\webapps\manager] has finished in [60] ms
19-Feb-2026 19:11:40.126 INFO [main] org.apache.catalina.startup.HostConfig.deployDirectory Deploying web application directory [C:\Users\RAJENDRA\Downloads\apache-tomcat-10.1.52-windows-x64\apache-tomcat-10.1.52\webapps\ROOT]
19-Feb-2026 19:11:40.161 INFO [main] org.apache.catalina.startup.HostConfig.deployDirectory Deployment of web application directory [C:\Users\RAJENDRA\Downloads\apache-tomcat-10.1.52-windows-x64\apache-tomcat-10.1.52\webapps\ROOT] has finished in [35] ms
19-Feb-2026 19:11:40.170 INFO [main] org.apache.coyote.AbstractProtocol.start Starting ProtocolHandler ["http-nio-8080"]
19-Feb-2026 19:11:40.207 INFO [main] org.apache.catalina.startup.Catalina.start Server startup in [4754] milliseconds
19-Feb-2026 19:23:15.074 INFO [main] org.apache.catalina.startup.VersionLoggerListener.log Server version name:   Apache Tomcat/10.1.52
19-Feb-2026 19:23:15.100 INFO [main] org.apache.catalina.startup.VersionLoggerListener.log Server built:          Jan 23 2026 19:29:07 UTC
19-Feb-2026 19:23:15.101 INFO [main] org.apache.catalina.startup.VersionLoggerListener.log Server version number: 10.1.52.0
19-Feb-2026 19:23:15.103 INFO [main] org.apache.catalina.startup.VersionLoggerListener.log OS Name:               Windows 11
19-Feb-2026 19:23:15.106 INFO [main] org.apache.catalina.startup.VersionLoggerListener.log OS Version:            10.0
19-Feb-2026 19:23:15.106 INFO [main] org.apache.catalina.startup.VersionLoggerListener.log Architecture:          amd64
19-Feb-2026 19:23:15.107 INFO [main] org.apache.catalina.startup.VersionLoggerListener.log Java Home:             C:\Users\RAJENDRA\Downloads\jdk-21_windows-x64_bin\jdk-21.0.8
19-Feb-2026 19:23:15.108 INFO [main] org.apache.catalina.startup.VersionLoggerListener.log JVM Version:           21.0.8+12-LTS-250
19-Feb-2026 19:23:15.109 INFO [main] org.apache.catalina.startup.VersionLoggerListener.log JVM Vendor:            Oracle Corporation
19-Feb-2026 19:23:15.111 INFO [main] org.apache.catalina.startup.VersionLoggerListener.log CATALINA_BASE:         C:\Users\RAJENDRA\Downloads\apache-tomcat-10.1.52-windows-x64\apache-tomcat-10.1.52
19-Feb-2026 19:23:15.113 INFO [main] org.apache.catalina.startup.VersionLoggerListener.log CATALINA_HOME:         C:\Users\RAJENDRA\Downloads\apache-tomcat-10.1.52-windows-x64\apache-tomcat-10.1.52
19-Feb-2026 19:23:15.196 INFO [main] org.apache.catalina.startup.VersionLoggerListener.log Command line argument: -Djava.util.logging.config.file=C:\Users\RAJENDRA\Downloads\apache-tomcat-10.1.52-windows-x64\apache-tomcat-10.1.52\conf\logging.properties
19-Feb-2026 19:23:15.197 INFO [main] org.apache.catalina.startup.VersionLoggerListener.log Command line argument: -Djava.util.logging.manager=org.apache.juli.ClassLoaderLogManager
19-Feb-2026 19:23:15.197 INFO [main] org.apache.catalina.startup.VersionLoggerListener.log Command line argument: -Djdk.tls.ephemeralDHKeySize=2048
19-Feb-2026 19:23:15.198 INFO [main] org.apache.catalina.startup.VersionLoggerListener.log Command line argument: -Djava.protocol.handler.pkgs=org.apache.catalina.webresources
19-Feb-2026 19:23:15.199 INFO [main] org.apache.catalina.startup.VersionLoggerListener.log Command line argument: -Dsun.io.useCanonCaches=false
19-Feb-2026 19:23:15.199 INFO [main] org.apache.catalina.startup.VersionLoggerListener.log Command line argument: --add-opens=java.base/java.lang=ALL-UNNAMED
19-Feb-2026 19:23:15.200 INFO [main] org.apache.catalina.startup.VersionLoggerListener.log Command line argument: --add-opens=java.base/java.lang.reflect=ALL-UNNAMED
19-Feb-2026 19:23:15.201 INFO [main] org.apache.catalina.startup.VersionLoggerListener.log Command line argument: --add-opens=java.base/java.io=ALL-UNNAMED
19-Feb-2026 19:23:15.202 INFO [main] org.apache.catalina.startup.VersionLoggerListener.log Command line argument: --add-opens=java.base/java.util=ALL-UNNAMED
19-Feb-2026 19:23:15.202 INFO [main] org.apache.catalina.startup.VersionLoggerListener.log Command line argument: --add-opens=java.base/java.util.concurrent=ALL-UNNAMED
19-Feb-2026 19:23:15.203 INFO [main] org.apache.catalina.startup.VersionLoggerListener.log Command line argument: --add-opens=java.rmi/sun.rmi.transport=ALL-UNNAMED
19-Feb-2026 19:23:15.204 INFO [main] org.apache.catalina.startup.VersionLoggerListener.log Command line argument: -Dcatalina.base=C:\Users\RAJENDRA\Downloads\apache-tomcat-10.1.52-windows-x64\apache-tomcat-10.1.52
19-Feb-2026 19:23:15.204 INFO [main] org.apache.catalina.startup.VersionLoggerListener.log Command line argument: -Dcatalina.home=C:\Users\RAJENDRA\Downloads\apache-tomcat-10.1.52-windows-x64\apache-tomcat-10.1.52
19-Feb-2026 19:23:15.205 INFO [main] org.apache.catalina.startup.VersionLoggerListener.log Command line argument: -Djava.io.tmpdir=C:\Users\RAJENDRA\Downloads\apache-tomcat-10.1.52-windows-x64\apache-tomcat-10.1.52\temp
19-Feb-2026 19:23:15.919 INFO [main] org.apache.catalina.core.AprLifecycleListener.lifecycleEvent Loaded Apache Tomcat Native library [2.0.12] using APR version [1.7.6].
19-Feb-2026 19:23:15.936 INFO [main] org.apache.catalina.core.AprLifecycleListener.initializeSSL OpenSSL successfully initialized [OpenSSL 3.5.4 30 Sep 2025]
19-Feb-2026 19:23:17.009 INFO [main] org.apache.coyote.AbstractProtocol.init Initializing ProtocolHandler ["http-nio-8080"]
19-Feb-2026 19:23:17.086 INFO [main] org.apache.catalina.startup.Catalina.load Server initialization in [2669] milliseconds
19-Feb-2026 19:23:17.285 INFO [main] org.apache.catalina.core.StandardService.startInternal Starting service [Catalina]
19-Feb-2026 19:23:17.287 INFO [main] org.apache.catalina.core.StandardEngine.startInternal Starting Servlet engine: [Apache Tomcat/10.1.52]
19-Feb-2026 19:23:17.333 INFO [main] org.apache.catalina.startup.HostConfig.deployDirectory Deploying web application directory [C:\Users\RAJENDRA\Downloads\apache-tomcat-10.1.52-windows-x64\apache-tomcat-10.1.52\webapps\Budgetwise]
19-Feb-2026 19:23:18.702 INFO [main] org.apache.catalina.startup.HostConfig.deployDirectory Deployment of web application directory [C:\Users\RAJENDRA\Downloads\apache-tomcat-10.1.52-windows-x64\apache-tomcat-10.1.52\webapps\Budgetwise] has finished in [1,368] ms
19-Feb-2026 19:23:18.703 INFO [main] org.apache.catalina.startup.HostConfig.deployDirectory Deploying web application directory [C:\Users\RAJENDRA\Downloads\apache-tomcat-10.1.52-windows-x64\apache-tomcat-10.1.52\webapps\docs]
19-Feb-2026 19:23:18.879 INFO [main] org.apache.catalina.startup.HostConfig.deployDirectory Deployment of web application directory [C:\Users\RAJENDRA\Downloads\apache-tomcat-10.1.52-windows-x64\apache-tomcat-10.1.52\webapps\docs] has finished in [174] ms
19-Feb-2026 19:23:18.881 INFO [main] org.apache.catalina.startup.HostConfig.deployDirectory Deploying web application directory [C:\Users\RAJENDRA\Downloads\apache-tomcat-10.1.52-windows-x64\apache-tomcat-10.1.52\webapps\examples]
19-Feb-2026 19:23:24.564 INFO [main] org.apache.catalina.startup.HostConfig.deployDirectory Deployment of web application directory [C:\Users\RAJENDRA\Downloads\apache-tomcat-10.1.52-windows-x64\apache-tomcat-10.1.52\webapps\examples] has finished in [5,684] ms
19-Feb-2026 19:23:24.566 INFO [main] org.apache.catalina.startup.HostConfig.deployDirectory Deploying web application directory [C:\Users\RAJENDRA\Downloads\apache-tomcat-10.1.52-windows-x64\apache-tomcat-10.1.52\webapps\host-manager]
19-Feb-2026 19:23:24.781 INFO [main] org.apache.catalina.startup.HostConfig.deployDirectory Deployment of web application directory [C:\Users\RAJENDRA\Downloads\apache-tomcat-10.1.52-windows-x64\apache-tomcat-10.1.52\webapps\host-manager] has finished in [215] ms
19-Feb-2026 19:23:24.782 INFO [main] org.apache.catalina.startup.HostConfig.deployDirectory Deploying web application directory [C:\Users\RAJENDRA\Downloads\apache-tomcat-10.1.52-windows-x64\apache-tomcat-10.1.52\webapps\manager]
19-Feb-2026 19:23:24.950 INFO [main] org.apache.catalina.startup.HostConfig.deployDirectory Deployment of web application directory [C:\Users\RAJENDRA\Downloads\apache-tomcat-10.1.52-windows-x64\apache-tomcat-10.1.52\webapps\manager] has finished in [167] ms
19-Feb-2026 19:23:24.951 INFO [main] org.apache.catalina.startup.HostConfig.deployDirectory Deploying web application directory [C:\Users\RAJENDRA\Downloads\apache-tomcat-10.1.52-windows-x64\apache-tomcat-10.1.52\webapps\ROOT]
19-Feb-2026 19:23:25.064 INFO [main] org.apache.catalina.startup.HostConfig.deployDirectory Deployment of web application directory [C:\Users\RAJENDRA\Downloads\apache-tomcat-10.1.52-windows-x64\apache-tomcat-10.1.52\webapps\ROOT] has finished in [112] ms
19-Feb-2026 19:23:25.097 INFO [main] org.apache.coyote.AbstractProtocol.start Starting ProtocolHandler ["http-nio-8080"]
19-Feb-2026 19:23:25.220 INFO [main] org.apache.catalina.startup.Catalina.start Server startup in [8126] milliseconds
19-Feb-2026 19:45:51.185 INFO [main] org.apache.catalina.startup.VersionLoggerListener.log Server version name:   Apache Tomcat/10.1.52
19-Feb-2026 19:45:51.199 INFO [main] org.apache.catalina.startup.VersionLoggerListener.log Server built:          Jan 23 2026 19:29:07 UTC
19-Feb-2026 19:45:51.200 INFO [main] org.apache.catalina.startup.VersionLoggerListener.log Server version number: 10.1.52.0
19-Feb-2026 19:45:51.200 INFO [main] org.apache.catalina.startup.VersionLoggerListener.log OS Name:               Windows 11
19-Feb-2026 19:45:51.201 INFO [main] org.apache.catalina.startup.VersionLoggerListener.log OS Version:            10.0
19-Feb-2026 19:45:51.202 INFO [main] org.apache.catalina.startup.VersionLoggerListener.log Architecture:          amd64
19-Feb-2026 19:45:51.202 INFO [main] org.apache.catalina.startup.VersionLoggerListener.log Java Home:             C:\Users\RAJENDRA\Downloads\jdk-21_windows-x64_bin\jdk-21.0.8
19-Feb-2026 19:45:51.205 INFO [main] org.apache.catalina.startup.VersionLoggerListener.log JVM Version:           21.0.8+12-LTS-250
19-Feb-2026 19:45:51.206 INFO [main] org.apache.catalina.startup.VersionLoggerListener.log JVM Vendor:            Oracle Corporation
19-Feb-2026 19:45:51.207 INFO [main] org.apache.catalina.startup.VersionLoggerListener.log CATALINA_BASE:         C:\Users\RAJENDRA\Downloads\apache-tomcat-10.1.52-windows-x64\apache-tomcat-10.1.52
19-Feb-2026 19:45:51.207 INFO [main] org.apache.catalina.startup.VersionLoggerListener.log CATALINA_HOME:         C:\Users\RAJENDRA\Downloads\apache-tomcat-10.1.52-windows-x64\apache-tomcat-10.1.52
19-Feb-2026 19:45:51.235 INFO [main] org.apache.catalina.startup.VersionLoggerListener.log Command line argument: -Djava.util.logging.config.file=C:\Users\RAJENDRA\Downloads\apache-tomcat-10.1.52-windows-x64\apache-tomcat-10.1.52\conf\logging.properties
19-Feb-2026 19:45:51.236 INFO [main] org.apache.catalina.startup.VersionLoggerListener.log Command line argument: -Djava.util.logging.manager=org.apache.juli.ClassLoaderLogManager
19-Feb-2026 19:45:51.237 INFO [main] org.apache.catalina.startup.VersionLoggerListener.log Command line argument: -Djdk.tls.ephemeralDHKeySize=2048
19-Feb-2026 19:45:51.238 INFO [main] org.apache.catalina.startup.VersionLoggerListener.log Command line argument: -Djava.protocol.handler.pkgs=org.apache.catalina.webresources
19-Feb-2026 19:45:51.238 INFO [main] org.apache.catalina.startup.VersionLoggerListener.log Command line argument: -Dsun.io.useCanonCaches=false
19-Feb-2026 19:45:51.239 INFO [main] org.apache.catalina.startup.VersionLoggerListener.log Command line argument: --add-opens=java.base/java.lang=ALL-UNNAMED
19-Feb-2026 19:45:51.240 INFO [main] org.apache.catalina.startup.VersionLoggerListener.log Command line argument: --add-opens=java.base/java.lang.reflect=ALL-UNNAMED
19-Feb-2026 19:45:51.241 INFO [main] org.apache.catalina.startup.VersionLoggerListener.log Command line argument: --add-opens=java.base/java.io=ALL-UNNAMED
19-Feb-2026 19:45:51.241 INFO [main] org.apache.catalina.startup.VersionLoggerListener.log Command line argument: --add-opens=java.base/java.util=ALL-UNNAMED
19-Feb-2026 19:45:51.241 INFO [main] org.apache.catalina.startup.VersionLoggerListener.log Command line argument: --add-opens=java.base/java.util.concurrent=ALL-UNNAMED
19-Feb-2026 19:45:51.242 INFO [main] org.apache.catalina.startup.VersionLoggerListener.log Command line argument: --add-opens=java.rmi/sun.rmi.transport=ALL-UNNAMED
19-Feb-2026 19:45:51.242 INFO [main] org.apache.catalina.startup.VersionLoggerListener.log Command line argument: -Dcatalina.base=C:\Users\RAJENDRA\Downloads\apache-tomcat-10.1.52-windows-x64\apache-tomcat-10.1.52
19-Feb-2026 19:45:51.242 INFO [main] org.apache.catalina.startup.VersionLoggerListener.log Command line argument: -Dcatalina.home=C:\Users\RAJENDRA\Downloads\apache-tomcat-10.1.52-windows-x64\apache-tomcat-10.1.52
19-Feb-2026 19:45:51.243 INFO [main] org.apache.catalina.startup.VersionLoggerListener.log Command line argument: -Djava.io.tmpdir=C:\Users\RAJENDRA\Downloads\apache-tomcat-10.1.52-windows-x64\apache-tomcat-10.1.52\temp
19-Feb-2026 19:45:51.250 INFO [main] org.apache.catalina.core.AprLifecycleListener.lifecycleEvent Loaded Apache Tomcat Native library [2.0.12] using APR version [1.7.6].
19-Feb-2026 19:45:51.275 INFO [main] org.apache.catalina.core.AprLifecycleListener.initializeSSL OpenSSL successfully initialized [OpenSSL 3.5.4 30 Sep 2025]
19-Feb-2026 19:45:51.986 INFO [main] org.apache.coyote.AbstractProtocol.init Initializing ProtocolHandler ["http-nio-8080"]
19-Feb-2026 19:45:52.064 INFO [main] org.apache.catalina.startup.Catalina.load Server initialization in [1207] milliseconds
19-Feb-2026 19:45:52.270 INFO [main] org.apache.catalina.core.StandardService.startInternal Starting service [Catalina]
19-Feb-2026 19:45:52.271 INFO [main] org.apache.catalina.core.StandardEngine.startInternal Starting Servlet engine: [Apache Tomcat/10.1.52]
19-Feb-2026 19:45:52.306 INFO [main] org.apache.catalina.startup.HostConfig.deployDirectory Deploying web application directory [C:\Users\RAJENDRA\Downloads\apache-tomcat-10.1.52-windows-x64\apache-tomcat-10.1.52\webapps\Budgetwise]
19-Feb-2026 19:45:53.710 INFO [main] org.apache.jasper.servlet.TldScanner.scanJars At least one JAR was scanned for TLDs yet contained no TLDs. Enable debug logging for this logger for a complete list of JARs that were scanned but no TLDs were found in them. Skipping unneeded JARs during scanning can improve startup time and JSP compilation time.
19-Feb-2026 19:45:53.806 INFO [main] org.apache.catalina.startup.HostConfig.deployDirectory Deployment of web application directory [C:\Users\RAJENDRA\Downloads\apache-tomcat-10.1.52-windows-x64\apache-tomcat-10.1.52\webapps\Budgetwise] has finished in [1,498] ms
19-Feb-2026 19:45:53.808 INFO [main] org.apache.catalina.startup.HostConfig.deployDirectory Deploying web application directory [C:\Users\RAJENDRA\Downloads\apache-tomcat-10.1.52-windows-x64\apache-tomcat-10.1.52\webapps\docs]
19-Feb-2026 19:45:54.211 INFO [main] org.apache.jasper.servlet.TldScanner.scanJars At least one JAR was scanned for TLDs yet contained no TLDs. Enable debug logging for this logger for a complete list of JARs that were scanned but no TLDs were found in them. Skipping unneeded JARs during scanning can improve startup time and JSP compilation time.
19-Feb-2026 19:45:54.221 INFO [main] org.apache.catalina.startup.HostConfig.deployDirectory Deployment of web application directory [C:\Users\RAJENDRA\Downloads\apache-tomcat-10.1.52-windows-x64\apache-tomcat-10.1.52\webapps\docs] has finished in [412] ms
19-Feb-2026 19:45:54.224 INFO [main] org.apache.catalina.startup.HostConfig.deployDirectory Deploying web application directory [C:\Users\RAJENDRA\Downloads\apache-tomcat-10.1.52-windows-x64\apache-tomcat-10.1.52\webapps\examples]
19-Feb-2026 19:45:54.999 INFO [main] org.apache.jasper.servlet.TldScanner.scanJars At least one JAR was scanned for TLDs yet contained no TLDs. Enable debug logging for this logger for a complete list of JARs that were scanned but no TLDs were found in them. Skipping unneeded JARs during scanning can improve startup time and JSP compilation time.
19-Feb-2026 19:45:55.115 INFO [main] org.apache.catalina.startup.HostConfig.deployDirectory Deployment of web application directory [C:\Users\RAJENDRA\Downloads\apache-tomcat-10.1.52-windows-x64\apache-tomcat-10.1.52\webapps\examples] has finished in [893] ms
19-Feb-2026 19:45:55.117 INFO [main] org.apache.catalina.startup.HostConfig.deployDirectory Deploying web application directory [C:\Users\RAJENDRA\Downloads\apache-tomcat-10.1.52-windows-x64\apache-tomcat-10.1.52\webapps\host-manager]
19-Feb-2026 19:45:55.485 INFO [main] org.apache.jasper.servlet.TldScanner.scanJars At least one JAR was scanned for TLDs yet contained no TLDs. Enable debug logging for this logger for a complete list of JARs that were scanned but no TLDs were found in them. Skipping unneeded JARs during scanning can improve startup time and JSP compilation time.
19-Feb-2026 19:45:55.527 INFO [main] org.apache.catalina.startup.HostConfig.deployDirectory Deployment of web application directory [C:\Users\RAJENDRA\Downloads\apache-tomcat-10.1.52-windows-x64\apache-tomcat-10.1.52\webapps\host-manager] has finished in [409] ms
19-Feb-2026 19:45:55.530 INFO [main] org.apache.catalina.startup.HostConfig.deployDirectory Deploying web application directory [C:\Users\RAJENDRA\Downloads\apache-tomcat-10.1.52-windows-x64\apache-tomcat-10.1.52\webapps\manager]
19-Feb-2026 19:45:55.922 INFO [main] org.apache.jasper.servlet.TldScanner.scanJars At least one JAR was scanned for TLDs yet contained no TLDs. Enable debug logging for this logger for a complete list of JARs that were scanned but no TLDs were found in them. Skipping unneeded JARs during scanning can improve startup time and JSP compilation time.
19-Feb-2026 19:45:55.929 INFO [main] org.apache.catalina.startup.HostConfig.deployDirectory Deployment of web application directory [C:\Users\RAJENDRA\Downloads\apache-tomcat-10.1.52-windows-x64\apache-tomcat-10.1.52\webapps\manager] has finished in [401] ms
19-Feb-2026 19:45:55.930 INFO [main] org.apache.catalina.startup.HostConfig.deployDirectory Deploying web application directory [C:\Users\RAJENDRA\Downloads\apache-tomcat-10.1.52-windows-x64\apache-tomcat-10.1.52\webapps\ROOT]
19-Feb-2026 19:45:56.210 INFO [main] org.apache.jasper.servlet.TldScanner.scanJars At least one JAR was scanned for TLDs yet contained no TLDs. Enable debug logging for this logger for a complete list of JARs that were scanned but no TLDs were found in them. Skipping unneeded JARs during scanning can improve startup time and JSP compilation time.
19-Feb-2026 19:45:56.216 INFO [main] org.apache.catalina.startup.HostConfig.deployDirectory Deployment of web application directory [C:\Users\RAJENDRA\Downloads\apache-tomcat-10.1.52-windows-x64\apache-tomcat-10.1.52\webapps\ROOT] has finished in [285] ms
19-Feb-2026 19:45:56.225 INFO [main] org.apache.coyote.AbstractProtocol.start Starting ProtocolHandler ["http-nio-8080"]
19-Feb-2026 19:45:56.284 INFO [main] org.apache.catalina.startup.Catalina.start Server startup in [4214] milliseconds
19-Feb-2026 20:00:40.092 INFO [main] org.apache.catalina.startup.VersionLoggerListener.log Server version name:   Apache Tomcat/10.1.52
19-Feb-2026 20:00:40.103 INFO [main] org.apache.catalina.startup.VersionLoggerListener.log Server built:          Jan 23 2026 19:29:07 UTC
19-Feb-2026 20:00:40.105 INFO [main] org.apache.catalina.startup.VersionLoggerListener.log Server version number: 10.1.52.0
19-Feb-2026 20:00:40.107 INFO [main] org.apache.catalina.startup.VersionLoggerListener.log OS Name:               Windows 11
19-Feb-2026 20:00:40.109 INFO [main] org.apache.catalina.startup.VersionLoggerListener.log OS Version:            10.0
19-Feb-2026 20:00:40.111 INFO [main] org.apache.catalina.startup.VersionLoggerListener.log Architecture:          amd64
19-Feb-2026 20:00:40.113 INFO [main] org.apache.catalina.startup.VersionLoggerListener.log Java Home:             C:\Users\RAJENDRA\Downloads\jdk-21_windows-x64_bin\jdk-21.0.8
19-Feb-2026 20:00:40.113 INFO [main] org.apache.catalina.startup.VersionLoggerListener.log JVM Version:           21.0.8+12-LTS-250
19-Feb-2026 20:00:40.114 INFO [main] org.apache.catalina.startup.VersionLoggerListener.log JVM Vendor:            Oracle Corporation
19-Feb-2026 20:00:40.114 INFO [main] org.apache.catalina.startup.VersionLoggerListener.log CATALINA_BASE:         C:\Users\RAJENDRA\Downloads\apache-tomcat-10.1.52-windows-x64\apache-tomcat-10.1.52
19-Feb-2026 20:00:40.115 INFO [main] org.apache.catalina.startup.VersionLoggerListener.log CATALINA_HOME:         C:\Users\RAJENDRA\Downloads\apache-tomcat-10.1.52-windows-x64\apache-tomcat-10.1.52
19-Feb-2026 20:00:40.133 INFO [main] org.apache.catalina.startup.VersionLoggerListener.log Command line argument: -Djava.util.logging.config.file=C:\Users\RAJENDRA\Downloads\apache-tomcat-10.1.52-windows-x64\apache-tomcat-10.1.52\conf\logging.properties
19-Feb-2026 20:00:40.133 INFO [main] org.apache.catalina.startup.VersionLoggerListener.log Command line argument: -Djava.util.logging.manager=org.apache.juli.ClassLoaderLogManager
19-Feb-2026 20:00:40.133 INFO [main] org.apache.catalina.startup.VersionLoggerListener.log Command line argument: -Djdk.tls.ephemeralDHKeySize=2048
19-Feb-2026 20:00:40.135 INFO [main] org.apache.catalina.startup.VersionLoggerListener.log Command line argument: -Djava.protocol.handler.pkgs=org.apache.catalina.webresources
19-Feb-2026 20:00:40.135 INFO [main] org.apache.catalina.startup.VersionLoggerListener.log Command line argument: -Dsun.io.useCanonCaches=false
19-Feb-2026 20:00:40.136 INFO [main] org.apache.catalina.startup.VersionLoggerListener.log Command line argument: --add-opens=java.base/java.lang=ALL-UNNAMED
19-Feb-2026 20:00:40.136 INFO [main] org.apache.catalina.startup.VersionLoggerListener.log Command line argument: --add-opens=java.base/java.lang.reflect=ALL-UNNAMED
19-Feb-2026 20:00:40.137 INFO [main] org.apache.catalina.startup.VersionLoggerListener.log Command line argument: --add-opens=java.base/java.io=ALL-UNNAMED
19-Feb-2026 20:00:40.138 INFO [main] org.apache.catalina.startup.VersionLoggerListener.log Command line argument: --add-opens=java.base/java.util=ALL-UNNAMED
19-Feb-2026 20:00:40.138 INFO [main] org.apache.catalina.startup.VersionLoggerListener.log Command line argument: --add-opens=java.base/java.util.concurrent=ALL-UNNAMED
19-Feb-2026 20:00:40.139 INFO [main] org.apache.catalina.startup.VersionLoggerListener.log Command line argument: --add-opens=java.rmi/sun.rmi.transport=ALL-UNNAMED
19-Feb-2026 20:00:40.139 INFO [main] org.apache.catalina.startup.VersionLoggerListener.log Command line argument: -Dcatalina.base=C:\Users\RAJENDRA\Downloads\apache-tomcat-10.1.52-windows-x64\apache-tomcat-10.1.52
19-Feb-2026 20:00:40.139 INFO [main] org.apache.catalina.startup.VersionLoggerListener.log Command line argument: -Dcatalina.home=C:\Users\RAJENDRA\Downloads\apache-tomcat-10.1.52-windows-x64\apache-tomcat-10.1.52
19-Feb-2026 20:00:40.140 INFO [main] org.apache.catalina.startup.VersionLoggerListener.log Command line argument: -Djava.io.tmpdir=C:\Users\RAJENDRA\Downloads\apache-tomcat-10.1.52-windows-x64\apache-tomcat-10.1.52\temp
19-Feb-2026 20:00:40.147 INFO [main] org.apache.catalina.core.AprLifecycleListener.lifecycleEvent Loaded Apache Tomcat Native library [2.0.12] using APR version [1.7.6].
19-Feb-2026 20:00:40.168 INFO [main] org.apache.catalina.core.AprLifecycleListener.initializeSSL OpenSSL successfully initialized [OpenSSL 3.5.4 30 Sep 2025]
19-Feb-2026 20:00:40.711 INFO [main] org.apache.coyote.AbstractProtocol.init Initializing ProtocolHandler ["http-nio-8080"]
19-Feb-2026 20:00:40.777 INFO [main] org.apache.catalina.startup.Catalina.load Server initialization in [1044] milliseconds
19-Feb-2026 20:00:40.947 INFO [main] org.apache.catalina.core.StandardService.startInternal Starting service [Catalina]
19-Feb-2026 20:00:40.947 INFO [main] org.apache.catalina.core.StandardEngine.startInternal Starting Servlet engine: [Apache Tomcat/10.1.52]
19-Feb-2026 20:00:40.985 INFO [main] org.apache.catalina.startup.HostConfig.deployDirectory Deploying web application directory [C:\Users\RAJENDRA\Downloads\apache-tomcat-10.1.52-windows-x64\apache-tomcat-10.1.52\webapps\Budgetwise]
19-Feb-2026 20:00:42.256 INFO [main] org.apache.jasper.servlet.TldScanner.scanJars At least one JAR was scanned for TLDs yet contained no TLDs. Enable debug logging for this logger for a complete list of JARs that were scanned but no TLDs were found in them. Skipping unneeded JARs during scanning can improve startup time and JSP compilation time.
19-Feb-2026 20:00:42.346 INFO [main] org.apache.catalina.startup.HostConfig.deployDirectory Deployment of web application directory [C:\Users\RAJENDRA\Downloads\apache-tomcat-10.1.52-windows-x64\apache-tomcat-10.1.52\webapps\Budgetwise] has finished in [1,360] ms
19-Feb-2026 20:00:42.346 INFO [main] org.apache.catalina.startup.HostConfig.deployDirectory Deploying web application directory [C:\Users\RAJENDRA\Downloads\apache-tomcat-10.1.52-windows-x64\apache-tomcat-10.1.52\webapps\docs]
19-Feb-2026 20:00:42.737 INFO [main] org.apache.jasper.servlet.TldScanner.scanJars At least one JAR was scanned for TLDs yet contained no TLDs. Enable debug logging for this logger for a complete list of JARs that were scanned but no TLDs were found in them. Skipping unneeded JARs during scanning can improve startup time and JSP compilation time.
19-Feb-2026 20:00:42.747 INFO [main] org.apache.catalina.startup.HostConfig.deployDirectory Deployment of web application directory [C:\Users\RAJENDRA\Downloads\apache-tomcat-10.1.52-windows-x64\apache-tomcat-10.1.52\webapps\docs] has finished in [400] ms
19-Feb-2026 20:00:42.748 INFO [main] org.apache.catalina.startup.HostConfig.deployDirectory Deploying web application directory [C:\Users\RAJENDRA\Downloads\apache-tomcat-10.1.52-windows-x64\apache-tomcat-10.1.52\webapps\examples]
19-Feb-2026 20:00:43.540 INFO [main] org.apache.jasper.servlet.TldScanner.scanJars At least one JAR was scanned for TLDs yet contained no TLDs. Enable debug logging for this logger for a complete list of JARs that were scanned but no TLDs were found in them. Skipping unneeded JARs during scanning can improve startup time and JSP compilation time.
19-Feb-2026 20:00:43.649 INFO [main] org.apache.catalina.startup.HostConfig.deployDirectory Deployment of web application directory [C:\Users\RAJENDRA\Downloads\apache-tomcat-10.1.52-windows-x64\apache-tomcat-10.1.52\webapps\examples] has finished in [901] ms
19-Feb-2026 20:00:43.649 INFO [main] org.apache.catalina.startup.HostConfig.deployDirectory Deploying web application directory [C:\Users\RAJENDRA\Downloads\apache-tomcat-10.1.52-windows-x64\apache-tomcat-10.1.52\webapps\host-manager]
19-Feb-2026 20:00:44.041 INFO [main] org.apache.jasper.servlet.TldScanner.scanJars At least one JAR was scanned for TLDs yet contained no TLDs. Enable debug logging for this logger for a complete list of JARs that were scanned but no TLDs were found in them. Skipping unneeded JARs during scanning can improve startup time and JSP compilation time.
19-Feb-2026 20:00:44.077 INFO [main] org.apache.catalina.startup.HostConfig.deployDirectory Deployment of web application directory [C:\Users\RAJENDRA\Downloads\apache-tomcat-10.1.52-windows-x64\apache-tomcat-10.1.52\webapps\host-manager] has finished in [427] ms
19-Feb-2026 20:00:44.079 INFO [main] org.apache.catalina.startup.HostConfig.deployDirectory Deploying web application directory [C:\Users\RAJENDRA\Downloads\apache-tomcat-10.1.52-windows-x64\apache-tomcat-10.1.52\webapps\manager]
19-Feb-2026 20:00:44.452 INFO [main] org.apache.jasper.servlet.TldScanner.scanJars At least one JAR was scanned for TLDs yet contained no TLDs. Enable debug logging for this logger for a complete list of JARs that were scanned but no TLDs were found in them. Skipping unneeded JARs during scanning can improve startup time and JSP compilation time.
19-Feb-2026 20:00:44.460 INFO [main] org.apache.catalina.startup.HostConfig.deployDirectory Deployment of web application directory [C:\Users\RAJENDRA\Downloads\apache-tomcat-10.1.52-windows-x64\apache-tomcat-10.1.52\webapps\manager] has finished in [381] ms
19-Feb-2026 20:00:44.465 INFO [main] org.apache.catalina.startup.HostConfig.deployDirectory Deploying web application directory [C:\Users\RAJENDRA\Downloads\apache-tomcat-10.1.52-windows-x64\apache-tomcat-10.1.52\webapps\ROOT]
19-Feb-2026 20:00:44.768 INFO [main] org.apache.jasper.servlet.TldScanner.scanJars At least one JAR was scanned for TLDs yet contained no TLDs. Enable debug logging for this logger for a complete list of JARs that were scanned but no TLDs were found in them. Skipping unneeded JARs during scanning can improve startup time and JSP compilation time.
19-Feb-2026 20:00:44.777 INFO [main] org.apache.catalina.startup.HostConfig.deployDirectory Deployment of web application directory [C:\Users\RAJENDRA\Downloads\apache-tomcat-10.1.52-windows-x64\apache-tomcat-10.1.52\webapps\ROOT] has finished in [312] ms
19-Feb-2026 20:00:44.788 INFO [main] org.apache.coyote.AbstractProtocol.start Starting ProtocolHandler ["http-nio-8080"]
19-Feb-2026 20:00:44.832 INFO [main] org.apache.catalina.startup.Catalina.start Server startup in [4049] milliseconds
