09-Mar-2026 19:08:49.599 INFO [main] org.apache.catalina.startup.VersionLoggerListener.log Server version name:   Apache Tomcat/10.1.52
09-Mar-2026 19:08:49.614 INFO [main] org.apache.catalina.startup.VersionLoggerListener.log Server built:          Jan 23 2026 19:29:07 UTC
09-Mar-2026 19:08:49.616 INFO [main] org.apache.catalina.startup.VersionLoggerListener.log Server version number: 10.1.52.0
09-Mar-2026 19:08:49.616 INFO [main] org.apache.catalina.startup.VersionLoggerListener.log OS Name:               Windows 11
09-Mar-2026 19:08:49.619 INFO [main] org.apache.catalina.startup.VersionLoggerListener.log OS Version:            10.0
09-Mar-2026 19:08:49.619 INFO [main] org.apache.catalina.startup.VersionLoggerListener.log Architecture:          amd64
09-Mar-2026 19:08:49.620 INFO [main] org.apache.catalina.startup.VersionLoggerListener.log Java Home:             C:\Users\RAJENDRA\Downloads\jdk-21_windows-x64_bin\jdk-21.0.8
09-Mar-2026 19:08:49.621 INFO [main] org.apache.catalina.startup.VersionLoggerListener.log JVM Version:           21.0.8+12-LTS-250
09-Mar-2026 19:08:49.621 INFO [main] org.apache.catalina.startup.VersionLoggerListener.log JVM Vendor:            Oracle Corporation
09-Mar-2026 19:08:49.622 INFO [main] org.apache.catalina.startup.VersionLoggerListener.log CATALINA_BASE:         C:\Users\RAJENDRA\Downloads\apache-tomcat-10.1.52-windows-x64\apache-tomcat-10.1.52
09-Mar-2026 19:08:49.622 INFO [main] org.apache.catalina.startup.VersionLoggerListener.log CATALINA_HOME:         C:\Users\RAJENDRA\Downloads\apache-tomcat-10.1.52-windows-x64\apache-tomcat-10.1.52
09-Mar-2026 19:08:49.661 INFO [main] org.apache.catalina.startup.VersionLoggerListener.log Command line argument: -Djava.util.logging.config.file=C:\Users\RAJENDRA\Downloads\apache-tomcat-10.1.52-windows-x64\apache-tomcat-10.1.52\conf\logging.properties
09-Mar-2026 19:08:49.662 INFO [main] org.apache.catalina.startup.VersionLoggerListener.log Command line argument: -Djava.util.logging.manager=org.apache.juli.ClassLoaderLogManager
09-Mar-2026 19:08:49.662 INFO [main] org.apache.catalina.startup.VersionLoggerListener.log Command line argument: -Djdk.tls.ephemeralDHKeySize=2048
09-Mar-2026 19:08:49.663 INFO [main] org.apache.catalina.startup.VersionLoggerListener.log Command line argument: -Djava.protocol.handler.pkgs=org.apache.catalina.webresources
09-Mar-2026 19:08:49.663 INFO [main] org.apache.catalina.startup.VersionLoggerListener.log Command line argument: -Dsun.io.useCanonCaches=false
09-Mar-2026 19:08:49.664 INFO [main] org.apache.catalina.startup.VersionLoggerListener.log Command line argument: --add-opens=java.base/java.lang=ALL-UNNAMED
09-Mar-2026 19:08:49.665 INFO [main] org.apache.catalina.startup.VersionLoggerListener.log Command line argument: --add-opens=java.base/java.lang.reflect=ALL-UNNAMED
09-Mar-2026 19:08:49.665 INFO [main] org.apache.catalina.startup.VersionLoggerListener.log Command line argument: --add-opens=java.base/java.io=ALL-UNNAMED
09-Mar-2026 19:08:49.665 INFO [main] org.apache.catalina.startup.VersionLoggerListener.log Command line argument: --add-opens=java.base/java.util=ALL-UNNAMED
09-Mar-2026 19:08:49.667 INFO [main] org.apache.catalina.startup.VersionLoggerListener.log Command line argument: --add-opens=java.base/java.util.concurrent=ALL-UNNAMED
09-Mar-2026 19:08:49.668 INFO [main] org.apache.catalina.startup.VersionLoggerListener.log Command line argument: --add-opens=java.rmi/sun.rmi.transport=ALL-UNNAMED
09-Mar-2026 19:08:49.668 INFO [main] org.apache.catalina.startup.VersionLoggerListener.log Command line argument: -Dcatalina.base=C:\Users\RAJENDRA\Downloads\apache-tomcat-10.1.52-windows-x64\apache-tomcat-10.1.52
09-Mar-2026 19:08:49.669 INFO [main] org.apache.catalina.startup.VersionLoggerListener.log Command line argument: -Dcatalina.home=C:\Users\RAJENDRA\Downloads\apache-tomcat-10.1.52-windows-x64\apache-tomcat-10.1.52
09-Mar-2026 19:08:49.669 INFO [main] org.apache.catalina.startup.VersionLoggerListener.log Command line argument: -Djava.io.tmpdir=C:\Users\RAJENDRA\Downloads\apache-tomcat-10.1.52-windows-x64\apache-tomcat-10.1.52\temp
09-Mar-2026 19:08:49.683 INFO [main] org.apache.catalina.core.AprLifecycleListener.lifecycleEvent Loaded Apache Tomcat Native library [2.0.12] using APR version [1.7.6].
09-Mar-2026 19:08:49.713 INFO [main] org.apache.catalina.core.AprLifecycleListener.initializeSSL OpenSSL successfully initialized [OpenSSL 3.5.4 30 Sep 2025]
09-Mar-2026 19:08:50.596 INFO [main] org.apache.coyote.AbstractProtocol.init Initializing ProtocolHandler ["http-nio-8080"]
09-Mar-2026 19:08:50.681 INFO [main] org.apache.catalina.startup.Catalina.load Server initialization in [1587] milliseconds
09-Mar-2026 19:08:50.818 INFO [main] org.apache.catalina.core.StandardService.startInternal Starting service [Catalina]
09-Mar-2026 19:08:50.819 INFO [main] org.apache.catalina.core.StandardEngine.startInternal Starting Servlet engine: [Apache Tomcat/10.1.52]
09-Mar-2026 19:08:50.861 INFO [main] org.apache.catalina.startup.HostConfig.deployDirectory Deploying web application directory [C:\Users\RAJENDRA\Downloads\apache-tomcat-10.1.52-windows-x64\apache-tomcat-10.1.52\webapps\Budgetwise]
09-Mar-2026 19:08:52.270 INFO [main] org.apache.jasper.servlet.TldScanner.scanJars At least one JAR was scanned for TLDs yet contained no TLDs. Enable debug logging for this logger for a complete list of JARs that were scanned but no TLDs were found in them. Skipping unneeded JARs during scanning can improve startup time and JSP compilation time.
09-Mar-2026 19:08:52.381 INFO [main] org.apache.catalina.startup.HostConfig.deployDirectory Deployment of web application directory [C:\Users\RAJENDRA\Downloads\apache-tomcat-10.1.52-windows-x64\apache-tomcat-10.1.52\webapps\Budgetwise] has finished in [1,518] ms
09-Mar-2026 19:08:52.382 INFO [main] org.apache.catalina.startup.HostConfig.deployDirectory Deploying web application directory [C:\Users\RAJENDRA\Downloads\apache-tomcat-10.1.52-windows-x64\apache-tomcat-10.1.52\webapps\docs]
09-Mar-2026 19:08:52.825 INFO [main] org.apache.jasper.servlet.TldScanner.scanJars At least one JAR was scanned for TLDs yet contained no TLDs. Enable debug logging for this logger for a complete list of JARs that were scanned but no TLDs were found in them. Skipping unneeded JARs during scanning can improve startup time and JSP compilation time.
09-Mar-2026 19:08:52.834 INFO [main] org.apache.catalina.startup.HostConfig.deployDirectory Deployment of web application directory [C:\Users\RAJENDRA\Downloads\apache-tomcat-10.1.52-windows-x64\apache-tomcat-10.1.52\webapps\docs] has finished in [451] ms
09-Mar-2026 19:08:52.837 INFO [main] org.apache.catalina.startup.HostConfig.deployDirectory Deploying web application directory [C:\Users\RAJENDRA\Downloads\apache-tomcat-10.1.52-windows-x64\apache-tomcat-10.1.52\webapps\examples]
09-Mar-2026 19:08:55.433 INFO [main] org.apache.jasper.servlet.TldScanner.scanJars At least one JAR was scanned for TLDs yet contained no TLDs. Enable debug logging for this logger for a complete list of JARs that were scanned but no TLDs were found in them. Skipping unneeded JARs during scanning can improve startup time and JSP compilation time.
09-Mar-2026 19:08:55.785 INFO [main] org.apache.catalina.startup.HostConfig.deployDirectory Deployment of web application directory [C:\Users\RAJENDRA\Downloads\apache-tomcat-10.1.52-windows-x64\apache-tomcat-10.1.52\webapps\examples] has finished in [2,948] ms
09-Mar-2026 19:08:55.786 INFO [main] org.apache.catalina.startup.HostConfig.deployDirectory Deploying web application directory [C:\Users\RAJENDRA\Downloads\apache-tomcat-10.1.52-windows-x64\apache-tomcat-10.1.52\webapps\host-manager]
09-Mar-2026 19:08:57.198 INFO [main] org.apache.jasper.servlet.TldScanner.scanJars At least one JAR was scanned for TLDs yet contained no TLDs. Enable debug logging for this logger for a complete list of JARs that were scanned but no TLDs were found in them. Skipping unneeded JARs during scanning can improve startup time and JSP compilation time.
09-Mar-2026 19:08:57.246 INFO [main] org.apache.catalina.startup.HostConfig.deployDirectory Deployment of web application directory [C:\Users\RAJENDRA\Downloads\apache-tomcat-10.1.52-windows-x64\apache-tomcat-10.1.52\webapps\host-manager] has finished in [1,460] ms
09-Mar-2026 19:08:57.248 INFO [main] org.apache.catalina.startup.HostConfig.deployDirectory Deploying web application directory [C:\Users\RAJENDRA\Downloads\apache-tomcat-10.1.52-windows-x64\apache-tomcat-10.1.52\webapps\manager]
09-Mar-2026 19:08:58.591 INFO [main] org.apache.jasper.servlet.TldScanner.scanJars At least one JAR was scanned for TLDs yet contained no TLDs. Enable debug logging for this logger for a complete list of JARs that were scanned but no TLDs were found in them. Skipping unneeded JARs during scanning can improve startup time and JSP compilation time.
09-Mar-2026 19:08:58.609 INFO [main] org.apache.catalina.startup.HostConfig.deployDirectory Deployment of web application directory [C:\Users\RAJENDRA\Downloads\apache-tomcat-10.1.52-windows-x64\apache-tomcat-10.1.52\webapps\manager] has finished in [1,361] ms
09-Mar-2026 19:08:58.611 INFO [main] org.apache.catalina.startup.HostConfig.deployDirectory Deploying web application directory [C:\Users\RAJENDRA\Downloads\apache-tomcat-10.1.52-windows-x64\apache-tomcat-10.1.52\webapps\ROOT]
09-Mar-2026 19:08:59.970 INFO [main] org.apache.jasper.servlet.TldScanner.scanJars At least one JAR was scanned for TLDs yet contained no TLDs. Enable debug logging for this logger for a complete list of JARs that were scanned but no TLDs were found in them. Skipping unneeded JARs during scanning can improve startup time and JSP compilation time.
09-Mar-2026 19:08:59.988 INFO [main] org.apache.catalina.startup.HostConfig.deployDirectory Deployment of web application directory [C:\Users\RAJENDRA\Downloads\apache-tomcat-10.1.52-windows-x64\apache-tomcat-10.1.52\webapps\ROOT] has finished in [1,377] ms
09-Mar-2026 19:09:00.008 INFO [main] org.apache.coyote.AbstractProtocol.start Starting ProtocolHandler ["http-nio-8080"]
09-Mar-2026 19:09:00.143 INFO [main] org.apache.catalina.startup.Catalina.start Server startup in [9457] milliseconds
09-Mar-2026 23:15:47.709 INFO [main] org.apache.catalina.startup.VersionLoggerListener.log Server version name:   Apache Tomcat/10.1.52
09-Mar-2026 23:15:47.721 INFO [main] org.apache.catalina.startup.VersionLoggerListener.log Server built:          Jan 23 2026 19:29:07 UTC
09-Mar-2026 23:15:47.729 INFO [main] org.apache.catalina.startup.VersionLoggerListener.log Server version number: 10.1.52.0
09-Mar-2026 23:15:47.729 INFO [main] org.apache.catalina.startup.VersionLoggerListener.log OS Name:               Windows 11
09-Mar-2026 23:15:47.733 INFO [main] org.apache.catalina.startup.VersionLoggerListener.log OS Version:            10.0
09-Mar-2026 23:15:47.733 INFO [main] org.apache.catalina.startup.VersionLoggerListener.log Architecture:          amd64
09-Mar-2026 23:15:47.733 INFO [main] org.apache.catalina.startup.VersionLoggerListener.log Java Home:             C:\Users\RAJENDRA\Downloads\jdk-21_windows-x64_bin\jdk-21.0.8
09-Mar-2026 23:15:47.733 INFO [main] org.apache.catalina.startup.VersionLoggerListener.log JVM Version:           21.0.8+12-LTS-250
09-Mar-2026 23:15:47.733 INFO [main] org.apache.catalina.startup.VersionLoggerListener.log JVM Vendor:            Oracle Corporation
09-Mar-2026 23:15:47.733 INFO [main] org.apache.catalina.startup.VersionLoggerListener.log CATALINA_BASE:         C:\Users\RAJENDRA\Downloads\apache-tomcat-10.1.52-windows-x64\apache-tomcat-10.1.52
09-Mar-2026 23:15:47.733 INFO [main] org.apache.catalina.startup.VersionLoggerListener.log CATALINA_HOME:         C:\Users\RAJENDRA\Downloads\apache-tomcat-10.1.52-windows-x64\apache-tomcat-10.1.52
09-Mar-2026 23:15:47.765 INFO [main] org.apache.catalina.startup.VersionLoggerListener.log Command line argument: -Djava.util.logging.config.file=C:\Users\RAJENDRA\Downloads\apache-tomcat-10.1.52-windows-x64\apache-tomcat-10.1.52\conf\logging.properties
09-Mar-2026 23:15:47.765 INFO [main] org.apache.catalina.startup.VersionLoggerListener.log Command line argument: -Djava.util.logging.manager=org.apache.juli.ClassLoaderLogManager
09-Mar-2026 23:15:47.765 INFO [main] org.apache.catalina.startup.VersionLoggerListener.log Command line argument: -Djdk.tls.ephemeralDHKeySize=2048
09-Mar-2026 23:15:47.765 INFO [main] org.apache.catalina.startup.VersionLoggerListener.log Command line argument: -Djava.protocol.handler.pkgs=org.apache.catalina.webresources
09-Mar-2026 23:15:47.765 INFO [main] org.apache.catalina.startup.VersionLoggerListener.log Command line argument: -Dsun.io.useCanonCaches=false
09-Mar-2026 23:15:47.765 INFO [main] org.apache.catalina.startup.VersionLoggerListener.log Command line argument: --add-opens=java.base/java.lang=ALL-UNNAMED
09-Mar-2026 23:15:47.765 INFO [main] org.apache.catalina.startup.VersionLoggerListener.log Command line argument: --add-opens=java.base/java.lang.reflect=ALL-UNNAMED
09-Mar-2026 23:15:47.765 INFO [main] org.apache.catalina.startup.VersionLoggerListener.log Command line argument: --add-opens=java.base/java.io=ALL-UNNAMED
09-Mar-2026 23:15:47.765 INFO [main] org.apache.catalina.startup.VersionLoggerListener.log Command line argument: --add-opens=java.base/java.util=ALL-UNNAMED
09-Mar-2026 23:15:47.765 INFO [main] org.apache.catalina.startup.VersionLoggerListener.log Command line argument: --add-opens=java.base/java.util.concurrent=ALL-UNNAMED
09-Mar-2026 23:15:47.765 INFO [main] org.apache.catalina.startup.VersionLoggerListener.log Command line argument: --add-opens=java.rmi/sun.rmi.transport=ALL-UNNAMED
09-Mar-2026 23:15:47.765 INFO [main] org.apache.catalina.startup.VersionLoggerListener.log Command line argument: -Dcatalina.base=C:\Users\RAJENDRA\Downloads\apache-tomcat-10.1.52-windows-x64\apache-tomcat-10.1.52
09-Mar-2026 23:15:47.765 INFO [main] org.apache.catalina.startup.VersionLoggerListener.log Command line argument: -Dcatalina.home=C:\Users\RAJENDRA\Downloads\apache-tomcat-10.1.52-windows-x64\apache-tomcat-10.1.52
09-Mar-2026 23:15:47.765 INFO [main] org.apache.catalina.startup.VersionLoggerListener.log Command line argument: -Djava.io.tmpdir=C:\Users\RAJENDRA\Downloads\apache-tomcat-10.1.52-windows-x64\apache-tomcat-10.1.52\temp
09-Mar-2026 23:15:48.178 INFO [main] org.apache.catalina.core.AprLifecycleListener.lifecycleEvent Loaded Apache Tomcat Native library [2.0.12] using APR version [1.7.6].
09-Mar-2026 23:15:48.178 INFO [main] org.apache.catalina.core.AprLifecycleListener.initializeSSL OpenSSL successfully initialized [OpenSSL 3.5.4 30 Sep 2025]
09-Mar-2026 23:15:48.654 INFO [main] org.apache.coyote.AbstractProtocol.init Initializing ProtocolHandler ["http-nio-8080"]
09-Mar-2026 23:15:48.717 INFO [main] org.apache.catalina.startup.Catalina.load Server initialization in [1352] milliseconds
09-Mar-2026 23:15:48.846 INFO [main] org.apache.catalina.core.StandardService.startInternal Starting service [Catalina]
09-Mar-2026 23:15:48.848 INFO [main] org.apache.catalina.core.StandardEngine.startInternal Starting Servlet engine: [Apache Tomcat/10.1.52]
09-Mar-2026 23:15:48.891 INFO [main] org.apache.catalina.startup.HostConfig.deployDirectory Deploying web application directory [C:\Users\RAJENDRA\Downloads\apache-tomcat-10.1.52-windows-x64\apache-tomcat-10.1.52\webapps\Budgetwise]
09-Mar-2026 23:15:49.931 INFO [main] org.apache.jasper.servlet.TldScanner.scanJars At least one JAR was scanned for TLDs yet contained no TLDs. Enable debug logging for this logger for a complete list of JARs that were scanned but no TLDs were found in them. Skipping unneeded JARs during scanning can improve startup time and JSP compilation time.
09-Mar-2026 23:15:50.016 INFO [main] org.apache.catalina.startup.HostConfig.deployDirectory Deployment of web application directory [C:\Users\RAJENDRA\Downloads\apache-tomcat-10.1.52-windows-x64\apache-tomcat-10.1.52\webapps\Budgetwise] has finished in [1,127] ms
09-Mar-2026 23:15:50.016 INFO [main] org.apache.catalina.startup.HostConfig.deployDirectory Deploying web application directory [C:\Users\RAJENDRA\Downloads\apache-tomcat-10.1.52-windows-x64\apache-tomcat-10.1.52\webapps\docs]
09-Mar-2026 23:15:50.380 INFO [main] org.apache.jasper.servlet.TldScanner.scanJars At least one JAR was scanned for TLDs yet contained no TLDs. Enable debug logging for this logger for a complete list of JARs that were scanned but no TLDs were found in them. Skipping unneeded JARs during scanning can improve startup time and JSP compilation time.
09-Mar-2026 23:15:50.395 INFO [main] org.apache.catalina.startup.HostConfig.deployDirectory Deployment of web application directory [C:\Users\RAJENDRA\Downloads\apache-tomcat-10.1.52-windows-x64\apache-tomcat-10.1.52\webapps\docs] has finished in [379] ms
09-Mar-2026 23:15:50.395 INFO [main] org.apache.catalina.startup.HostConfig.deployDirectory Deploying web application directory [C:\Users\RAJENDRA\Downloads\apache-tomcat-10.1.52-windows-x64\apache-tomcat-10.1.52\webapps\examples]
09-Mar-2026 23:15:52.387 INFO [main] org.apache.jasper.servlet.TldScanner.scanJars At least one JAR was scanned for TLDs yet contained no TLDs. Enable debug logging for this logger for a complete list of JARs that were scanned but no TLDs were found in them. Skipping unneeded JARs during scanning can improve startup time and JSP compilation time.
09-Mar-2026 23:15:52.476 INFO [main] org.apache.catalina.startup.HostConfig.deployDirectory Deployment of web application directory [C:\Users\RAJENDRA\Downloads\apache-tomcat-10.1.52-windows-x64\apache-tomcat-10.1.52\webapps\examples] has finished in [2,081] ms
09-Mar-2026 23:15:52.486 INFO [main] org.apache.catalina.startup.HostConfig.deployDirectory Deploying web application directory [C:\Users\RAJENDRA\Downloads\apache-tomcat-10.1.52-windows-x64\apache-tomcat-10.1.52\webapps\host-manager]
09-Mar-2026 23:15:52.775 INFO [main] org.apache.jasper.servlet.TldScanner.scanJars At least one JAR was scanned for TLDs yet contained no TLDs. Enable debug logging for this logger for a complete list of JARs that were scanned but no TLDs were found in them. Skipping unneeded JARs during scanning can improve startup time and JSP compilation time.
09-Mar-2026 23:15:52.793 INFO [main] org.apache.catalina.startup.HostConfig.deployDirectory Deployment of web application directory [C:\Users\RAJENDRA\Downloads\apache-tomcat-10.1.52-windows-x64\apache-tomcat-10.1.52\webapps\host-manager] has finished in [307] ms
09-Mar-2026 23:15:52.793 INFO [main] org.apache.catalina.startup.HostConfig.deployDirectory Deploying web application directory [C:\Users\RAJENDRA\Downloads\apache-tomcat-10.1.52-windows-x64\apache-tomcat-10.1.52\webapps\manager]
09-Mar-2026 23:15:53.127 INFO [main] org.apache.jasper.servlet.TldScanner.scanJars At least one JAR was scanned for TLDs yet contained no TLDs. Enable debug logging for this logger for a complete list of JARs that were scanned but no TLDs were found in them. Skipping unneeded JARs during scanning can improve startup time and JSP compilation time.
09-Mar-2026 23:15:53.131 INFO [main] org.apache.catalina.startup.HostConfig.deployDirectory Deployment of web application directory [C:\Users\RAJENDRA\Downloads\apache-tomcat-10.1.52-windows-x64\apache-tomcat-10.1.52\webapps\manager] has finished in [338] ms
09-Mar-2026 23:15:53.131 INFO [main] org.apache.catalina.startup.HostConfig.deployDirectory Deploying web application directory [C:\Users\RAJENDRA\Downloads\apache-tomcat-10.1.52-windows-x64\apache-tomcat-10.1.52\webapps\ROOT]
09-Mar-2026 23:15:53.365 INFO [main] org.apache.jasper.servlet.TldScanner.scanJars At least one JAR was scanned for TLDs yet contained no TLDs. Enable debug logging for this logger for a complete list of JARs that were scanned but no TLDs were found in them. Skipping unneeded JARs during scanning can improve startup time and JSP compilation time.
09-Mar-2026 23:15:53.365 INFO [main] org.apache.catalina.startup.HostConfig.deployDirectory Deployment of web application directory [C:\Users\RAJENDRA\Downloads\apache-tomcat-10.1.52-windows-x64\apache-tomcat-10.1.52\webapps\ROOT] has finished in [234] ms
09-Mar-2026 23:15:53.381 INFO [main] org.apache.coyote.AbstractProtocol.start Starting ProtocolHandler ["http-nio-8080"]
09-Mar-2026 23:15:53.523 INFO [main] org.apache.catalina.startup.Catalina.start Server startup in [4808] milliseconds
09-Mar-2026 23:18:12.398 INFO [main] org.apache.catalina.core.StandardServer.await A valid shutdown command was received via the shutdown port. Stopping the Server instance.
09-Mar-2026 23:18:12.404 INFO [main] org.apache.coyote.AbstractProtocol.pause Pausing ProtocolHandler ["http-nio-8080"]
09-Mar-2026 23:18:12.404 INFO [main] org.apache.catalina.core.StandardService.stopInternal Stopping service [Catalina]
09-Mar-2026 23:18:12.502 INFO [main] org.apache.coyote.AbstractProtocol.stop Stopping ProtocolHandler ["http-nio-8080"]
09-Mar-2026 23:18:12.516 INFO [main] org.apache.coyote.AbstractProtocol.destroy Destroying ProtocolHandler ["http-nio-8080"]
