15-Feb-2026 15:45:44.576 INFO [main] org.apache.catalina.core.ApplicationContext.log ContextListener: contextInitialized()
15-Feb-2026 15:45:44.576 INFO [main] org.apache.catalina.core.ApplicationContext.log SessionListener: contextInitialized()
15-Feb-2026 15:45:44.608 INFO [main] org.apache.catalina.core.ApplicationContext.log ContextListener: attributeAdded('StockTicker', 'async.Stockticker@5241cf67')
15-Feb-2026 15:46:03.608 INFO [Thread-1] org.apache.catalina.core.ApplicationContext.log SessionListener: contextDestroyed()
15-Feb-2026 15:46:03.608 INFO [Thread-1] org.apache.catalina.core.ApplicationContext.log ContextListener: contextDestroyed()
15-Feb-2026 15:47:44.811 INFO [main] org.apache.catalina.core.ApplicationContext.log ContextListener: contextInitialized()
15-Feb-2026 15:47:44.811 INFO [main] org.apache.catalina.core.ApplicationContext.log SessionListener: contextInitialized()
15-Feb-2026 15:47:44.811 INFO [main] org.apache.catalina.core.ApplicationContext.log ContextListener: attributeAdded('StockTicker', 'async.Stockticker@fd0e5b6')
15-Feb-2026 16:09:38.536 INFO [main] org.apache.catalina.core.ApplicationContext.log ContextListener: contextInitialized()
15-Feb-2026 16:09:38.536 INFO [main] org.apache.catalina.core.ApplicationContext.log SessionListener: contextInitialized()
15-Feb-2026 16:09:38.551 INFO [main] org.apache.catalina.core.ApplicationContext.log ContextListener: attributeAdded('StockTicker', 'async.Stockticker@4215838f')
15-Feb-2026 16:15:45.360 SEVERE [http-nio-8080-exec-1] org.apache.catalina.core.StandardWrapperValve.invoke Servlet.service() for servlet [jsp] in context with path [/Budgetwise] threw exception [org.apache.jasper.JasperException: Unable to compile class for JSP: 

An error occurred at line: [1] in the jsp file: [/WebContent/signup.jsp]
page cannot be resolved to a type
1: <% @ page language="java" contentType="text/html,charset=UTF-8"%>
2: <!DOCTYPE html>
3: <head>
4:     <title>Sign-Up Page</title>


An error occurred at line: [1] in the jsp file: [/WebContent/signup.jsp]
Syntax error on token "language", VariableDeclaratorId expected after this token
1: <% @ page language="java" contentType="text/html,charset=UTF-8"%>
2: <!DOCTYPE html>
3: <head>
4:     <title>Sign-Up Page</title>


An error occurred at line: [1] in the jsp file: [/WebContent/signup.jsp]
language cannot be resolved to a type
1: <% @ page language="java" contentType="text/html,charset=UTF-8"%>
2: <!DOCTYPE html>
3: <head>
4:     <title>Sign-Up Page</title>


An error occurred at line: [1] in the jsp file: [/WebContent/signup.jsp]
Syntax error, insert ";" to complete LocalVariableDeclarationStatement
1: <% @ page language="java" contentType="text/html,charset=UTF-8"%>
2: <!DOCTYPE html>
3: <head>
4:     <title>Sign-Up Page</title>


An error occurred at line: [1] in the jsp file: [/WebContent/signup.jsp]
contentType cannot be resolved to a variable
1: <% @ page language="java" contentType="text/html,charset=UTF-8"%>
2: <!DOCTYPE html>
3: <head>
4:     <title>Sign-Up Page</title>


An error occurred at line: [1] in the jsp file: [/WebContent/signup.jsp]
Syntax error, insert ";" to complete Statement
1: <% @ page language="java" contentType="text/html,charset=UTF-8"%>
2: <!DOCTYPE html>
3: <head>
4:     <title>Sign-Up Page</title>


Stacktrace:] with root cause
	org.apache.jasper.JasperException: Unable to compile class for JSP: 

An error occurred at line: [1] in the jsp file: [/WebContent/signup.jsp]
page cannot be resolved to a type
1: <% @ page language="java" contentType="text/html,charset=UTF-8"%>
2: <!DOCTYPE html>
3: <head>
4:     <title>Sign-Up Page</title>


An error occurred at line: [1] in the jsp file: [/WebContent/signup.jsp]
Syntax error on token "language", VariableDeclaratorId expected after this token
1: <% @ page language="java" contentType="text/html,charset=UTF-8"%>
2: <!DOCTYPE html>
3: <head>
4:     <title>Sign-Up Page</title>


An error occurred at line: [1] in the jsp file: [/WebContent/signup.jsp]
language cannot be resolved to a type
1: <% @ page language="java" contentType="text/html,charset=UTF-8"%>
2: <!DOCTYPE html>
3: <head>
4:     <title>Sign-Up Page</title>


An error occurred at line: [1] in the jsp file: [/WebContent/signup.jsp]
Syntax error, insert ";" to complete LocalVariableDeclarationStatement
1: <% @ page language="java" contentType="text/html,charset=UTF-8"%>
2: <!DOCTYPE html>
3: <head>
4:     <title>Sign-Up Page</title>


An error occurred at line: [1] in the jsp file: [/WebContent/signup.jsp]
contentType cannot be resolved to a variable
1: <% @ page language="java" contentType="text/html,charset=UTF-8"%>
2: <!DOCTYPE html>
3: <head>
4:     <title>Sign-Up Page</title>


An error occurred at line: [1] in the jsp file: [/WebContent/signup.jsp]
Syntax error, insert ";" to complete Statement
1: <% @ page language="java" contentType="text/html,charset=UTF-8"%>
2: <!DOCTYPE html>
3: <head>
4:     <title>Sign-Up Page</title>


Stacktrace:
		at org.apache.jasper.compiler.DefaultErrorHandler.javacError(DefaultErrorHandler.java:70)
		at org.apache.jasper.compiler.ErrorDispatcher.javacError(ErrorDispatcher.java:189)
		at org.apache.jasper.compiler.JDTCompiler.generateClass(JDTCompiler.java:553)
		at org.apache.jasper.compiler.Compiler.compile(Compiler.java:367)
		at org.apache.jasper.compiler.Compiler.compile(Compiler.java:339)
		at org.apache.jasper.compiler.Compiler.compile(Compiler.java:325)
		at org.apache.jasper.JspCompilationContext.compile(JspCompilationContext.java:586)
		at org.apache.jasper.servlet.JspServletWrapper.service(JspServletWrapper.java:368)
		at org.apache.jasper.servlet.JspServlet.serviceJspFile(JspServlet.java:350)
		at org.apache.jasper.servlet.JspServlet.service(JspServlet.java:301)
		at jakarta.servlet.http.HttpServlet.service(HttpServlet.java:658)
		at org.apache.catalina.core.ApplicationFilterChain.internalDoFilter(ApplicationFilterChain.java:193)
		at org.apache.catalina.core.ApplicationFilterChain.doFilter(ApplicationFilterChain.java:138)
		at org.apache.tomcat.websocket.server.WsFilter.doFilter(WsFilter.java:51)
		at org.apache.catalina.core.ApplicationFilterChain.internalDoFilter(ApplicationFilterChain.java:162)
		at org.apache.catalina.core.ApplicationFilterChain.doFilter(ApplicationFilterChain.java:138)
		at org.apache.catalina.core.StandardWrapperValve.invoke(StandardWrapperValve.java:165)
		at org.apache.catalina.core.StandardContextValve.invoke(StandardContextValve.java:88)
		at org.apache.catalina.authenticator.AuthenticatorBase.invoke(AuthenticatorBase.java:492)
		at org.apache.catalina.core.StandardHostValve.invoke(StandardHostValve.java:113)
		at org.apache.catalina.valves.ErrorReportValve.invoke(ErrorReportValve.java:83)
		at org.apache.catalina.valves.AbstractAccessLogValve.invoke(AbstractAccessLogValve.java:654)
		at org.apache.catalina.core.StandardEngineValve.invoke(StandardEngineValve.java:72)
		at org.apache.catalina.connector.CoyoteAdapter.service(CoyoteAdapter.java:342)
		at org.apache.coyote.http11.Http11Processor.service(Http11Processor.java:399)
		at org.apache.coyote.AbstractProcessorLight.process(AbstractProcessorLight.java:63)
		at org.apache.coyote.AbstractProtocol$ConnectionHandler.process(AbstractProtocol.java:903)
		at org.apache.tomcat.util.net.NioEndpoint$SocketProcessor.doRun(NioEndpoint.java:1775)
		at org.apache.tomcat.util.net.SocketProcessorBase.run(SocketProcessorBase.java:52)
		at org.apache.tomcat.util.threads.ThreadPoolExecutor.runWorker(ThreadPoolExecutor.java:973)
		at org.apache.tomcat.util.threads.ThreadPoolExecutor$Worker.run(ThreadPoolExecutor.java:491)
		at org.apache.tomcat.util.threads.TaskThread$WrappingRunnable.run(TaskThread.java:63)
		at java.base/java.lang.Thread.run(Thread.java:1583)
15-Feb-2026 16:28:19.329 SEVERE [http-nio-8080-exec-2] org.apache.catalina.core.StandardWrapperValve.invoke Servlet.service() for servlet [jsp] in context with path [/Budgetwise] threw exception [org.apache.jasper.JasperException: Unable to compile class for JSP: 

An error occurred at line: [1] in the jsp file: [/WebContent/signup.jsp]
page cannot be resolved to a type
1: <% @ page language="java" contentType="text/html,charset=UTF-8"%>
2: <!DOCTYPE html>
3: <head>
4:     <title>Sign-Up Page</title>


An error occurred at line: [1] in the jsp file: [/WebContent/signup.jsp]
Syntax error on token "language", VariableDeclaratorId expected after this token
1: <% @ page language="java" contentType="text/html,charset=UTF-8"%>
2: <!DOCTYPE html>
3: <head>
4:     <title>Sign-Up Page</title>


An error occurred at line: [1] in the jsp file: [/WebContent/signup.jsp]
language cannot be resolved to a type
1: <% @ page language="java" contentType="text/html,charset=UTF-8"%>
2: <!DOCTYPE html>
3: <head>
4:     <title>Sign-Up Page</title>


An error occurred at line: [1] in the jsp file: [/WebContent/signup.jsp]
Syntax error, insert ";" to complete LocalVariableDeclarationStatement
1: <% @ page language="java" contentType="text/html,charset=UTF-8"%>
2: <!DOCTYPE html>
3: <head>
4:     <title>Sign-Up Page</title>


An error occurred at line: [1] in the jsp file: [/WebContent/signup.jsp]
contentType cannot be resolved to a variable
1: <% @ page language="java" contentType="text/html,charset=UTF-8"%>
2: <!DOCTYPE html>
3: <head>
4:     <title>Sign-Up Page</title>


An error occurred at line: [1] in the jsp file: [/WebContent/signup.jsp]
Syntax error, insert ";" to complete Statement
1: <% @ page language="java" contentType="text/html,charset=UTF-8"%>
2: <!DOCTYPE html>
3: <head>
4:     <title>Sign-Up Page</title>


Stacktrace:] with root cause
	org.apache.jasper.JasperException: Unable to compile class for JSP: 

An error occurred at line: [1] in the jsp file: [/WebContent/signup.jsp]
page cannot be resolved to a type
1: <% @ page language="java" contentType="text/html,charset=UTF-8"%>
2: <!DOCTYPE html>
3: <head>
4:     <title>Sign-Up Page</title>


An error occurred at line: [1] in the jsp file: [/WebContent/signup.jsp]
Syntax error on token "language", VariableDeclaratorId expected after this token
1: <% @ page language="java" contentType="text/html,charset=UTF-8"%>
2: <!DOCTYPE html>
3: <head>
4:     <title>Sign-Up Page</title>


An error occurred at line: [1] in the jsp file: [/WebContent/signup.jsp]
language cannot be resolved to a type
1: <% @ page language="java" contentType="text/html,charset=UTF-8"%>
2: <!DOCTYPE html>
3: <head>
4:     <title>Sign-Up Page</title>


An error occurred at line: [1] in the jsp file: [/WebContent/signup.jsp]
Syntax error, insert ";" to complete LocalVariableDeclarationStatement
1: <% @ page language="java" contentType="text/html,charset=UTF-8"%>
2: <!DOCTYPE html>
3: <head>
4:     <title>Sign-Up Page</title>


An error occurred at line: [1] in the jsp file: [/WebContent/signup.jsp]
contentType cannot be resolved to a variable
1: <% @ page language="java" contentType="text/html,charset=UTF-8"%>
2: <!DOCTYPE html>
3: <head>
4:     <title>Sign-Up Page</title>


An error occurred at line: [1] in the jsp file: [/WebContent/signup.jsp]
Syntax error, insert ";" to complete Statement
1: <% @ page language="java" contentType="text/html,charset=UTF-8"%>
2: <!DOCTYPE html>
3: <head>
4:     <title>Sign-Up Page</title>


Stacktrace:
		at org.apache.jasper.compiler.DefaultErrorHandler.javacError(DefaultErrorHandler.java:70)
		at org.apache.jasper.compiler.ErrorDispatcher.javacError(ErrorDispatcher.java:189)
		at org.apache.jasper.compiler.JDTCompiler.generateClass(JDTCompiler.java:553)
		at org.apache.jasper.compiler.Compiler.compile(Compiler.java:367)
		at org.apache.jasper.compiler.Compiler.compile(Compiler.java:339)
		at org.apache.jasper.compiler.Compiler.compile(Compiler.java:325)
		at org.apache.jasper.JspCompilationContext.compile(JspCompilationContext.java:586)
		at org.apache.jasper.servlet.JspServletWrapper.service(JspServletWrapper.java:368)
		at org.apache.jasper.servlet.JspServlet.serviceJspFile(JspServlet.java:350)
		at org.apache.jasper.servlet.JspServlet.service(JspServlet.java:301)
		at jakarta.servlet.http.HttpServlet.service(HttpServlet.java:658)
		at org.apache.catalina.core.ApplicationFilterChain.internalDoFilter(ApplicationFilterChain.java:193)
		at org.apache.catalina.core.ApplicationFilterChain.doFilter(ApplicationFilterChain.java:138)
		at org.apache.tomcat.websocket.server.WsFilter.doFilter(WsFilter.java:51)
		at org.apache.catalina.core.ApplicationFilterChain.internalDoFilter(ApplicationFilterChain.java:162)
		at org.apache.catalina.core.ApplicationFilterChain.doFilter(ApplicationFilterChain.java:138)
		at org.apache.catalina.core.StandardWrapperValve.invoke(StandardWrapperValve.java:165)
		at org.apache.catalina.core.StandardContextValve.invoke(StandardContextValve.java:88)
		at org.apache.catalina.authenticator.AuthenticatorBase.invoke(AuthenticatorBase.java:492)
		at org.apache.catalina.core.StandardHostValve.invoke(StandardHostValve.java:113)
		at org.apache.catalina.valves.ErrorReportValve.invoke(ErrorReportValve.java:83)
		at org.apache.catalina.valves.AbstractAccessLogValve.invoke(AbstractAccessLogValve.java:654)
		at org.apache.catalina.core.StandardEngineValve.invoke(StandardEngineValve.java:72)
		at org.apache.catalina.connector.CoyoteAdapter.service(CoyoteAdapter.java:342)
		at org.apache.coyote.http11.Http11Processor.service(Http11Processor.java:399)
		at org.apache.coyote.AbstractProcessorLight.process(AbstractProcessorLight.java:63)
		at org.apache.coyote.AbstractProtocol$ConnectionHandler.process(AbstractProtocol.java:903)
		at org.apache.tomcat.util.net.NioEndpoint$SocketProcessor.doRun(NioEndpoint.java:1775)
		at org.apache.tomcat.util.net.SocketProcessorBase.run(SocketProcessorBase.java:52)
		at org.apache.tomcat.util.threads.ThreadPoolExecutor.runWorker(ThreadPoolExecutor.java:973)
		at org.apache.tomcat.util.threads.ThreadPoolExecutor$Worker.run(ThreadPoolExecutor.java:491)
		at org.apache.tomcat.util.threads.TaskThread$WrappingRunnable.run(TaskThread.java:63)
		at java.base/java.lang.Thread.run(Thread.java:1583)
15-Feb-2026 20:04:41.086 INFO [main] org.apache.catalina.core.ApplicationContext.log ContextListener: contextInitialized()
15-Feb-2026 20:04:41.086 INFO [main] org.apache.catalina.core.ApplicationContext.log SessionListener: contextInitialized()
15-Feb-2026 20:04:41.102 INFO [main] org.apache.catalina.core.ApplicationContext.log ContextListener: attributeAdded('StockTicker', 'async.Stockticker@60fa3495')
